#
# A fatal error has been detected by the Java Runtime Environment:
#
#  EXCEPTION_ACCESS_VIOLATION (0xc0000005) at pc=0x00000000710b0b70, pid=9076, tid=0x0000000000002200
#
# JRE version: Java(TM) SE Runtime Environment (8.0_191-b12) (build 1.8.0_191-b12)
# Java VM: Java HotSpot(TM) 64-Bit Server VM (25.191-b12 mixed mode windows-amd64 compressed oops)
# Problematic frame:
# V  [jvm.dll+0xb0b70]
#
# Failed to write core dump. Minidumps are not enabled by default on client versions of Windows
#
# If you would like to submit a bug report, please visit:
#   http://bugreport.java.com/bugreport/crash.jsp
#

---------------  T H R E A D  ---------------

Current thread (0x000000000344c800):  GCTaskThread [stack: 0x0000000012f30000,0x0000000013030000] [id=8704]

siginfo: ExceptionCode=0xc0000005, reading address 0x0000000666a23d88

Registers:
RAX=0x0000000013030000, RBX=0x00000000c9913da0, RCX=0x00000000c9913da0, RDX=0x0000000666a23d80
RSP=0x000000001302f618, RBP=0x000000000351c2a0, RSI=0x00000000d06da73c, RDI=0x00000000c9913da0
R8 =0x000000000003b89e, R9 =0x000000000351c2a0, R10=0x0000000000009ace, R11=0x00000000cd913d90
R12=0x00000000d06dae60, R13=0x00000000005bc000, R14=0x00000000cefeae50, R15=0x00000000013ce3ed
RIP=0x00000000710b0b70, EFLAGS=0x0000000000010202

Top of Stack: (sp=0x000000001302f618)
0x000000001302f618:   000000007110d377 00000000cd913d90
0x000000001302f628:   000000000351c2a0 00000000d06da738
0x000000001302f638:   0000000000000002 00000000c9913da0
0x000000001302f648:   000000007113b4ea 00000000000006a7
0x000000001302f658:   000000007111529a 0000000100011570
0x000000001302f668:   00000000713f9a89 00000000cefeae50
0x000000001302f678:   000000007121e7e2 0000000000000000
0x000000001302f688:   000000000344cc20 000000000343e670
0x000000001302f698:   00000000005bbe00 00000000000006a7
0x000000001302f6a8:   00000000713fa8ba 000000000351c2a0
0x000000001302f6b8:   00000000cefeae50 0000000071659998
0x000000001302f6c8:   00004241000006a7 00002e0c00009a98
0x000000001302f6d8:   00002e0d00009a98 00002e0d00009a98
0x000000001302f6e8:   00000000cefeae50 00000000005bbe00
0x000000001302f6f8:   000000007113b561 0000000015a3b990
0x000000001302f708:   000000007127e16f 0000000100011570 

Instructions: (pc=0x00000000710b0b70)
0x00000000710b0b50:   2c cd 1d 00 48 8b 9c 24 d0 00 00 00 48 81 c4 c0
0x00000000710b0b60:   00 00 00 5d c3 cc cc cc cc cc cc cc cc cc cc cc
0x00000000710b0b70:   44 8b 42 08 4c 8b ca 45 85 c0 7e 0e 41 f6 c0 01
0x00000000710b0b80:   75 57 41 c1 f8 03 41 8b c0 c3 79 4d 80 3d 0e 3f 


Register to memory mapping:

RAX=0x0000000013030000 is an unknown value
RBX=0x00000000c9913da0 is pointing into object: 0x00000000c6f1e5f8
[Ljava.lang.Object; 
 - klass: 'java/lang/Object'[]
 - length: 13845150
RCX=0x00000000c9913da0 is pointing into object: 0x00000000c6f1e5f8
[Ljava.lang.Object; 
 - klass: 'java/lang/Object'[]
 - length: 13845150
RDX=0x0000000666a23d80 is an unknown value
RSP=0x000000001302f618 is an unknown value
RBP=0x000000000351c2a0 is an unknown value
RSI=0x00000000d06da73c is pointing into object: 0x00000000cefeae50
[Ljava.lang.Object; 
 - klass: 'java/lang/Object'[]
 - length: 20767725
RDI=0x00000000c9913da0 is pointing into object: 0x00000000c6f1e5f8
[Ljava.lang.Object; 
 - klass: 'java/lang/Object'[]
 - length: 13845150
R8 =0x000000000003b89e is an unknown value
R9 =0x000000000351c2a0 is an unknown value
R10=0x0000000000009ace is an unknown value
R11=0x00000000cd913d90 is an oop
java.lang.Integer 
 - klass: 'java/lang/Integer'
R12=0x00000000d06dae60 is pointing into object: 0x00000000cefeae50
[Ljava.lang.Object; 
 - klass: 'java/lang/Object'[]
 - length: 20767725
R13=0x00000000005bc000 is an unknown value
R14=0x00000000cefeae50 is an oop
[Ljava.lang.Object; 
 - klass: 'java/lang/Object'[]
 - length: 20767725
R15=0x00000000013ce3ed is an unknown value


Stack: [0x0000000012f30000,0x0000000013030000],  sp=0x000000001302f618,  free space=1021k
Native frames: (J=compiled Java code, j=interpreted, Vv=VM code, C=native code)
V  [jvm.dll+0xb0b70]


---------------  P R O C E S S  ---------------

Java Threads: ( => current thread )
  0x0000000016e84800 JavaThread "Service Thread" daemon [_thread_blocked, id=9648, stack(0x0000000017700000,0x0000000017800000)]
  0x0000000016e12000 JavaThread "C1 CompilerThread2" daemon [_thread_blocked, id=1356, stack(0x0000000017600000,0x0000000017700000)]
  0x0000000016e0e000 JavaThread "C2 CompilerThread1" daemon [_thread_blocked, id=13032, stack(0x0000000017500000,0x0000000017600000)]
  0x0000000015abf800 JavaThread "C2 CompilerThread0" daemon [_thread_blocked, id=18180, stack(0x0000000017400000,0x0000000017500000)]
  0x0000000015abe000 JavaThread "Attach Listener" daemon [_thread_blocked, id=9328, stack(0x0000000017300000,0x0000000017400000)]
  0x0000000016e08800 JavaThread "Signal Dispatcher" daemon [_thread_blocked, id=10392, stack(0x0000000017200000,0x0000000017300000)]
  0x000000000352c000 JavaThread "Finalizer" daemon [_thread_blocked, id=7964, stack(0x0000000016d00000,0x0000000016e00000)]
  0x0000000003522000 JavaThread "Reference Handler" daemon [_thread_blocked, id=10720, stack(0x0000000016c00000,0x0000000016d00000)]
  0x0000000003432800 JavaThread "main" [_thread_blocked, id=11784, stack(0x0000000003260000,0x0000000003360000)]

Other Threads:
  0x0000000015a77000 VMThread [stack: 0x0000000016b00000,0x0000000016c00000] [id=10404]
  0x0000000016eaf000 WatcherThread [stack: 0x0000000017800000,0x0000000017900000] [id=18240]

=>0x000000000344c800 (exited) GCTaskThread [stack: 0x0000000012f30000,0x0000000013030000] [id=8704]

VM state:at safepoint (normal execution)

VM Mutex/Monitor currently owned by a thread:  ([mutex/lock_event])
[0x000000000342d5e0] Threads_lock - owner thread: 0x0000000015a77000
[0x000000000342d960] Heap_lock - owner thread: 0x0000000003432800

Heap:
 PSYoungGen      total 109568K, used 78848K [0x00000000eb600000, 0x00000000fc680000, 0x0000000100000000)
  eden space 30720K, 0% used [0x00000000eb600000,0x00000000eb600000,0x00000000ed400000)
  from space 78848K, 100% used [0x00000000f3c00000,0x00000000f8900000,0x00000000f8900000)
  to   space 106496K, 0% used [0x00000000ed400000,0x00000000ed400000,0x00000000f3c00000)
 ParOldGen       total 362496K, used 323255K [0x00000000c2200000, 0x00000000d8400000, 0x00000000eb600000)
  object space 362496K, 89% used [0x00000000c2200000,0x00000000d5dade18,0x00000000d8400000)
 Metaspace       used 2648K, capacity 4490K, committed 4864K, reserved 1056768K
  class space    used 280K, capacity 386K, committed 512K, reserved 1048576K

Card table byte_map: [0x00000000128f0000,0x0000000012ae0000] byte_map_base: 0x00000000122df000

Marking Bits: (ParMarkBitMap*) 0x0000000071823e30
 Begin Bits: [0x0000000013030000, 0x0000000013fa8000)
 End Bits:   [0x0000000013fa8000, 0x0000000014f20000)

Polling page: 0x0000000001410000

CodeCache: size=245760Kb used=1178Kb max_used=1192Kb free=244581Kb
 bounds [0x0000000003530000, 0x00000000037a0000, 0x0000000012530000]
 total_blobs=273 nmethods=39 adapters=148
 compilation: enabled

Compilation events (10 events):
Event: 0.263 Thread 0x0000000015abf800 nmethod 35 0x000000000364afd0 code [0x000000000364b100, 0x000000000364b1b8]
Event: 0.263 Thread 0x0000000015abf800   36       4       java.lang.Integer::valueOf (32 bytes)
Event: 0.264 Thread 0x0000000016e0e000 nmethod 34 0x0000000003649650 code [0x00000000036497a0, 0x0000000003649908]
Event: 0.264 Thread 0x0000000015abf800 nmethod 36 0x0000000003649350 code [0x00000000036494a0, 0x0000000003649558]
Event: 0.275 Thread 0x0000000016e12000   37 %     3       P_Study.P_Stack_Truck::solution @ 222 (324 bytes)
Event: 0.285 Thread 0x0000000016e12000 nmethod 37% 0x000000000364cb50 code [0x000000000364d320, 0x0000000003652bd8]
Event: 0.285 Thread 0x0000000016e0e000   38 %     4       P_Study.P_Stack_Truck::solution @ 222 (324 bytes)
Event: 0.295 Thread 0x0000000016e0e000 nmethod 38% 0x000000000364ba50 code [0x000000000364bbe0, 0x000000000364c448]
Event: 0.295 Thread 0x0000000015abf800   39       4       P_Study.P_Stack_Truck::solution (324 bytes)
Event: 0.342 Thread 0x0000000015abf800 nmethod 39 0x0000000003657a50 code [0x0000000003657d00, 0x0000000003658750]

GC Heap History (10 events):
Event: 3.796 GC heap after
Heap after GC invocations=8 (full 3):
 PSYoungGen      total 64512K, used 0K [0x00000000eb600000, 0x00000000f5680000, 0x0000000100000000)
  eden space 61952K, 0% used [0x00000000eb600000,0x00000000eb600000,0x00000000ef280000)
  from space 2560K, 0% used [0x00000000ef400000,0x00000000ef400000,0x00000000ef680000)
  to   space 51200K, 0% used [0x00000000f2480000,0x00000000f2480000,0x00000000f5680000)
 ParOldGen       total 210944K, used 92161K [0x00000000c2200000, 0x00000000cf000000, 0x00000000eb600000)
  object space 210944K, 43% used [0x00000000c2200000,0x00000000c7c005b8,0x00000000cf000000)
 Metaspace       used 2648K, capacity 4490K, committed 4864K, reserved 1056768K
  class space    used 280K, capacity 386K, committed 512K, reserved 1048576K
}
Event: 3.908 GC heap before
{Heap before GC invocations=9 (full 3):
 PSYoungGen      total 64512K, used 61952K [0x00000000eb600000, 0x00000000f5680000, 0x0000000100000000)
  eden space 61952K, 100% used [0x00000000eb600000,0x00000000ef280000,0x00000000ef280000)
  from space 2560K, 0% used [0x00000000ef400000,0x00000000ef400000,0x00000000ef680000)
  to   space 51200K, 0% used [0x00000000f2480000,0x00000000f2480000,0x00000000f5680000)
 ParOldGen       total 210944K, used 128216K [0x00000000c2200000, 0x00000000cf000000, 0x00000000eb600000)
  object space 210944K, 60% used [0x00000000c2200000,0x00000000c9f36218,0x00000000cf000000)
 Metaspace       used 2648K, capacity 4490K, committed 4864K, reserved 1056768K
  class space    used 280K, capacity 386K, committed 512K, reserved 1048576K
Event: 4.374 GC heap after
Heap after GC invocations=9 (full 3):
 PSYoungGen      total 96768K, used 51200K [0x00000000eb600000, 0x00000000f8a80000, 0x0000000100000000)
  eden space 45568K, 0% used [0x00000000eb600000,0x00000000eb600000,0x00000000ee280000)
  from space 51200K, 100% used [0x00000000f2480000,0x00000000f5680000,0x00000000f5680000)
  to   space 67584K, 0% used [0x00000000ee280000,0x00000000ee280000,0x00000000f2480000)
 ParOldGen       total 210944K, used 139088K [0x00000000c2200000, 0x00000000cf000000, 0x00000000eb600000)
  object space 210944K, 65% used [0x00000000c2200000,0x00000000ca9d4218,0x00000000cf000000)
 Metaspace       used 2648K, capacity 4490K, committed 4864K, reserved 1056768K
  class space    used 280K, capacity 386K, committed 512K, reserved 1048576K
}
Event: 4.465 GC heap before
{Heap before GC invocations=10 (full 4):
 PSYoungGen      total 96768K, used 96768K [0x00000000eb600000, 0x00000000f8a80000, 0x0000000100000000)
  eden space 45568K, 100% used [0x00000000eb600000,0x00000000ee280000,0x00000000ee280000)
  from space 51200K, 100% used [0x00000000f2480000,0x00000000f5680000,0x00000000f5680000)
  to   space 67584K, 0% used [0x00000000ee280000,0x00000000ee280000,0x00000000f2480000)
 ParOldGen       total 210944K, used 193171K [0x00000000c2200000, 0x00000000cf000000, 0x00000000eb600000)
  object space 210944K, 91% used [0x00000000c2200000,0x00000000cdea4ca0,0x00000000cf000000)
 Metaspace       used 2648K, capacity 4490K, committed 4864K, reserved 1056768K
  class space    used 280K, capacity 386K, committed 512K, reserved 1048576K
Event: 8.143 GC heap after
Heap after GC invocations=10 (full 4):
 PSYoungGen      total 96768K, used 18865K [0x00000000eb600000, 0x00000000f8a80000, 0x0000000100000000)
  eden space 45568K, 0% used [0x00000000eb600000,0x00000000eb600000,0x00000000ee280000)
  from space 51200K, 36% used [0x00000000f2480000,0x00000000f36ec710,0x00000000f5680000)
  to   space 67584K, 0% used [0x00000000ee280000,0x00000000ee280000,0x00000000f2480000)
 ParOldGen       total 362496K, used 210859K [0x00000000c2200000, 0x00000000d8400000, 0x00000000eb600000)
  object space 362496K, 58% used [0x00000000c2200000,0x00000000cefeae50,0x00000000d8400000)
 Metaspace       used 2648K, capacity 4490K, committed 4864K, reserved 1056768K
  class space    used 280K, capacity 386K, committed 512K, reserved 1048576K
}
Event: 8.272 GC heap before
{Heap before GC invocations=11 (full 4):
 PSYoungGen      total 96768K, used 64433K [0x00000000eb600000, 0x00000000f8a80000, 0x0000000100000000)
  eden space 45568K, 100% used [0x00000000eb600000,0x00000000ee280000,0x00000000ee280000)
  from space 51200K, 36% used [0x00000000f2480000,0x00000000f36ec710,0x00000000f5680000)
  to   space 67584K, 0% used [0x00000000ee280000,0x00000000ee280000,0x00000000f2480000)
 ParOldGen       total 362496K, used 291983K [0x00000000c2200000, 0x00000000d8400000, 0x00000000eb600000)
  object space 362496K, 80% used [0x00000000c2200000,0x00000000d3f23e18,0x00000000d8400000)
 Metaspace       used 2648K, capacity 4490K, committed 4864K, reserved 1056768K
  class space    used 280K, capacity 386K, committed 512K, reserved 1048576K
Event: 8.775 GC heap after
Heap after GC invocations=11 (full 4):
 PSYoungGen      total 113152K, used 64512K [0x00000000eb600000, 0x00000000f8900000, 0x0000000100000000)
  eden space 45568K, 0% used [0x00000000eb600000,0x00000000eb600000,0x00000000ee280000)
  from space 67584K, 95% used [0x00000000ee280000,0x00000000f2180000,0x00000000f2480000)
  to   space 78848K, 0% used [0x00000000f3c00000,0x00000000f3c00000,0x00000000f8900000)
 ParOldGen       total 362496K, used 291983K [0x00000000c2200000, 0x00000000d8400000, 0x00000000eb600000)
  object space 362496K, 80% used [0x00000000c2200000,0x00000000d3f23e18,0x00000000d8400000)
 Metaspace       used 2648K, capacity 4490K, committed 4864K, reserved 1056768K
  class space    used 280K, capacity 386K, committed 512K, reserved 1048576K
}
Event: 8.805 GC heap before
{Heap before GC invocations=12 (full 4):
 PSYoungGen      total 113152K, used 110080K [0x00000000eb600000, 0x00000000f8900000, 0x0000000100000000)
  eden space 45568K, 100% used [0x00000000eb600000,0x00000000ee280000,0x00000000ee280000)
  from space 67584K, 95% used [0x00000000ee280000,0x00000000f2180000,0x00000000f2480000)
  to   space 78848K, 0% used [0x00000000f3c00000,0x00000000f3c00000,0x00000000f8900000)
 ParOldGen       total 362496K, used 291983K [0x00000000c2200000, 0x00000000d8400000, 0x00000000eb600000)
  object space 362496K, 80% used [0x00000000c2200000,0x00000000d3f23e18,0x00000000d8400000)
 Metaspace       used 2648K, capacity 4490K, committed 4864K, reserved 1056768K
  class space    used 280K, capacity 386K, committed 512K, reserved 1048576K
Event: 9.434 GC heap after
Heap after GC invocations=12 (full 4):
 PSYoungGen      total 109568K, used 78848K [0x00000000eb600000, 0x00000000fc680000, 0x0000000100000000)
  eden space 30720K, 0% used [0x00000000eb600000,0x00000000eb600000,0x00000000ed400000)
  from space 78848K, 100% used [0x00000000f3c00000,0x00000000f8900000,0x00000000f8900000)
  to   space 106496K, 0% used [0x00000000ed400000,0x00000000ed400000,0x00000000f3c00000)
 ParOldGen       total 362496K, used 323255K [0x00000000c2200000, 0x00000000d8400000, 0x00000000eb600000)
  object space 362496K, 89% used [0x00000000c2200000,0x00000000d5dade18,0x00000000d8400000)
 Metaspace       used 2648K, capacity 4490K, committed 4864K, reserved 1056768K
  class space    used 280K, capacity 386K, committed 512K, reserved 1048576K
}
Event: 9.434 GC heap before
{Heap before GC invocations=13 (full 5):
 PSYoungGen      total 109568K, used 78848K [0x00000000eb600000, 0x00000000fc680000, 0x0000000100000000)
  eden space 30720K, 0% used [0x00000000eb600000,0x00000000eb600000,0x00000000ed400000)
  from space 78848K, 100% used [0x00000000f3c00000,0x00000000f8900000,0x00000000f8900000)
  to   space 106496K, 0% used [0x00000000ed400000,0x00000000ed400000,0x00000000f3c00000)
 ParOldGen       total 362496K, used 323255K [0x00000000c2200000, 0x00000000d8400000, 0x00000000eb600000)
  object space 362496K, 89% used [0x00000000c2200000,0x00000000d5dade18,0x00000000d8400000)
 Metaspace       used 2648K, capacity 4490K, committed 4864K, reserved 1056768K
  class space    used 280K, capacity 386K, committed 512K, reserved 1048576K

Deoptimization events (0 events):
No events

Classes redefined (0 events):
No events

Internal exceptions (2 events):
Event: 0.082 Thread 0x0000000003432800 Exception <a 'java/lang/NoSuchMethodError': Method sun.misc.Unsafe.defineClass(Ljava/lang/String;[BII)Ljava/lang/Class; name or signature does not match> (0x00000000eb607cb0) thrown at [C:\re\workspace\8-2-build-windows-amd64-cygwin\jdk8u191\11896\hotspot
Event: 0.082 Thread 0x0000000003432800 Exception <a 'java/lang/NoSuchMethodError': Method sun.misc.Unsafe.prefetchRead(Ljava/lang/Object;J)V name or signature does not match> (0x00000000eb607f98) thrown at [C:\re\workspace\8-2-build-windows-amd64-cygwin\jdk8u191\11896\hotspot\src\share\vm\prim

Events (10 events):
Event: 2.285 Executing VM operation: ParallelGCFailedAllocation done
Event: 2.316 Executing VM operation: ParallelGCFailedAllocation
Event: 3.796 Executing VM operation: ParallelGCFailedAllocation done
Event: 3.908 Executing VM operation: ParallelGCFailedAllocation
Event: 4.374 Executing VM operation: ParallelGCFailedAllocation done
Event: 4.465 Executing VM operation: ParallelGCFailedAllocation
Event: 8.143 Executing VM operation: ParallelGCFailedAllocation done
Event: 8.272 Executing VM operation: ParallelGCFailedAllocation
Event: 8.775 Executing VM operation: ParallelGCFailedAllocation done
Event: 8.805 Executing VM operation: ParallelGCFailedAllocation


Dynamic libraries:
0x00007ff6144b0000 - 0x00007ff6144e7000 	C:\Program Files\Java\jdk1.8.0_191\bin\javaw.exe
0x00007ffcc7860000 - 0x00007ffcc7a41000 	C:\WINDOWS\SYSTEM32\ntdll.dll
0x00007ffcc52f0000 - 0x00007ffcc53a1000 	C:\WINDOWS\System32\KERNEL32.DLL
0x00007ffcc49c0000 - 0x00007ffcc4c33000 	C:\WINDOWS\System32\KERNELBASE.dll
0x00007ffcc6f20000 - 0x00007ffcc6fc1000 	C:\WINDOWS\System32\ADVAPI32.dll
0x00007ffcc76f0000 - 0x00007ffcc778e000 	C:\WINDOWS\System32\msvcrt.dll
0x00007ffcc53e0000 - 0x00007ffcc543b000 	C:\WINDOWS\System32\sechost.dll
0x00007ffcc7040000 - 0x00007ffcc7164000 	C:\WINDOWS\System32\RPCRT4.dll
0x00007ffcc4e00000 - 0x00007ffcc4f90000 	C:\WINDOWS\System32\USER32.dll
0x00007ffcc3c90000 - 0x00007ffcc3cb0000 	C:\WINDOWS\System32\win32u.dll
0x00007ffcc53b0000 - 0x00007ffcc53d8000 	C:\WINDOWS\System32\GDI32.dll
0x00007ffcc4820000 - 0x00007ffcc49b1000 	C:\WINDOWS\System32\gdi32full.dll
0x00007ffcc4780000 - 0x00007ffcc481f000 	C:\WINDOWS\System32\msvcp_win.dll
0x00007ffcc4490000 - 0x00007ffcc4588000 	C:\WINDOWS\System32\ucrtbase.dll
0x00007ffcb73f0000 - 0x00007ffcb7659000 	C:\WINDOWS\WinSxS\amd64_microsoft.windows.common-controls_6595b64144ccf1df_6.0.17134.885_none_fb42a3473065565f\COMCTL32.dll
0x00007ffcc73b0000 - 0x00007ffcc76d2000 	C:\WINDOWS\System32\combase.dll
0x00007ffcc3d00000 - 0x00007ffcc3d79000 	C:\WINDOWS\System32\bcryptPrimitives.dll
0x00007ffcc5440000 - 0x00007ffcc546d000 	C:\WINDOWS\System32\IMM32.DLL
0x0000000071ba0000 - 0x0000000071c72000 	C:\Program Files\Java\jdk1.8.0_191\jre\bin\msvcr100.dll
0x0000000071000000 - 0x00000000718a4000 	C:\Program Files\Java\jdk1.8.0_191\jre\bin\server\jvm.dll
0x00007ffcc5ab0000 - 0x00007ffcc5ab8000 	C:\WINDOWS\System32\PSAPI.DLL
0x00007ffcb96b0000 - 0x00007ffcb96b9000 	C:\WINDOWS\SYSTEM32\WSOCK32.dll
0x00007ffcc5a40000 - 0x00007ffcc5aac000 	C:\WINDOWS\System32\WS2_32.dll
0x00007ffcbaff0000 - 0x00007ffcbb013000 	C:\WINDOWS\SYSTEM32\WINMM.dll
0x00007ffcbafe0000 - 0x00007ffcbafea000 	C:\WINDOWS\SYSTEM32\VERSION.dll
0x00007ffcba380000 - 0x00007ffcba3aa000 	C:\WINDOWS\SYSTEM32\WINMMBASE.dll
0x00007ffcc3cb0000 - 0x00007ffcc3cf9000 	C:\WINDOWS\System32\cfgmgr32.dll
0x0000000071cd0000 - 0x0000000071cdf000 	C:\Program Files\Java\jdk1.8.0_191\jre\bin\verify.dll
0x0000000070ef0000 - 0x0000000070f19000 	C:\Program Files\Java\jdk1.8.0_191\jre\bin\java.dll
0x0000000070ed0000 - 0x0000000070ee6000 	C:\Program Files\Java\jdk1.8.0_191\jre\bin\zip.dll
0x00007ffcc5ae0000 - 0x00007ffcc6f20000 	C:\WINDOWS\System32\SHELL32.dll
0x00007ffcc4cf0000 - 0x00007ffcc4d99000 	C:\WINDOWS\System32\shcore.dll
0x00007ffcc3d80000 - 0x00007ffcc448d000 	C:\WINDOWS\System32\windows.storage.dll
0x00007ffcc6fe0000 - 0x00007ffcc7031000 	C:\WINDOWS\System32\shlwapi.dll
0x00007ffcc3c10000 - 0x00007ffcc3c21000 	C:\WINDOWS\System32\kernel.appcore.dll
0x00007ffcc3bf0000 - 0x00007ffcc3c0f000 	C:\WINDOWS\System32\profapi.dll
0x00007ffcc3b80000 - 0x00007ffcc3bcc000 	C:\WINDOWS\System32\powrprof.dll
0x00007ffcc3b70000 - 0x00007ffcc3b7a000 	C:\WINDOWS\System32\FLTLIB.DLL
0x00007ffcbede0000 - 0x00007ffcbefa9000 	C:\WINDOWS\SYSTEM32\dbghelp.dll

VM Arguments:
jvm_args: -Dfile.encoding=MS949 
java_command: P_Study.P_Stack_Truck
java_class_path (initial): C:\Users\USER\Desktop\πÈ¡ÿ\PracticeAlgorithm\bin
Launcher Type: SUN_STANDARD

Environment Variables:
JAVA_HOME=C:\Program Files\Java\jdk1.8.0_191\bin
PATH=C:/Program Files/Java/jdk1.8.0_191/jre/bin/server;C:/Program Files/Java/jdk1.8.0_191/jre/bin;C:/Program Files/Java/jdk1.8.0_191/jre/lib/amd64;C:\oraclexe\app\oracle\product\11.2.0\server\bin;;C:\Program Files (x86)\Common Files\Oracle\Java\javapath;C:\Program Files\Common Files\Oracle\Java\javapath;C:\Program Files (x86)\NAT Service;C:\ProgramData\Oracle\Java\javapath;C:\WINDOWS\system32;C:\WINDOWS;C:\WINDOWS\System32\Wbem;C:\WINDOWS\System32\WindowsPowerShell\v1.0\;C:\Program Files\Microsoft SQL Server\110\Tools\Binn\;C:\WINDOWS\system32\config\systemprofile\.dnx\bin;C:\Program Files\Microsoft DNX\Dnvm\;C:\Program Files\Microsoft SQL Server\130\Tools\Binn\;C:\Users\USER\Desktop\∆ƒ¿ÃΩ„\Scripts\;%J;VA_HOME%\bin;C:\Program Files\nodejs\;C:\Program Files (x86)\Windows Kits\10\Windows Performance Toolkit\;C:\WINDOWS\System32\OpenSSH\;C:\Program Files\PuTTY\;C:\Program Files\TortoiseGit\bin;C:\Program Files (x86)\Brackets\command;C:\Program Files\Java\jdk1.8.0_191\bin;C:\Program Files\MongoDB\Server\4.0\bin;C:\MinGW\msys\1.0\bin;C:\MinGW\bin;C:\Program Files\Git\cmd;C:\Users\USER\AppData\Local\Programs\Python\Python36-32\Scripts\;C:\Users\USER\AppData\Local\Programs\Python\Python36-32\;C:\Users\USER\AppData\Local\Microsoft\WindowsApps;C:\ProgramData\USER\atom\bin;C:\Users\USER\Desktop\∆ƒ¿ÃΩ„0\Scripts;C:\Users\USER\AppData\Local\Microsoft\WindowsApps;C:\Users\USER\AppData\Roaming\npm;C:\Users\USER\AppData\Local\atom\bin;C:\Users\USER\AppData\Local\Programs\Microsoft VS Code\bin;C:\Users\USER\AppData\Local\GitHubDesktop\bin;C:\Users\USER\Desktop;
USERNAME=USER
OS=Windows_NT
PROCESSOR_IDENTIFIER=Intel64 Family 6 Model 58 Stepping 9, GenuineIntel



---------------  S Y S T E M  ---------------

OS: Windows 10.0 , 64 bit Build 17134 (10.0.17134.753)

CPU:total 4 (initial active 4) (2 cores per cpu, 2 threads per core) family 6 model 58 stepping 9, cmov, cx8, fxsr, mmx, sse, sse2, sse3, ssse3, sse4.1, sse4.2, popcnt, avx, clmul, erms, ht, tsc, tscinvbit, tscinv

Memory: 4k page, physical 4050184k(465424k free), swap 9555208k(2972568k free)

vm_info: Java HotSpot(TM) 64-Bit Server VM (25.191-b12) for windows-amd64 JRE (1.8.0_191-b12), built on Oct  6 2018 09:29:03 by "java_re" with MS VC++ 10.0 (VS2010)

time: Tue Jul 30 23:40:05 2019
elapsed time: 10 seconds (0d 0h 0m 10s)

